<?xml version="1.0" encoding="utf-8"?><testsuites name="pytest tests"><testsuite name="pytest" errors="0" failures="0" skipped="0" tests="23" time="7.347" timestamp="2026-04-05T03:12:11.743142+00:00" hostname="agent-env-fe57efd2-e459-42d4-b1f7-6290dd4470d5"><testcase classname="backend.tests.test_api.TestHealthCheck" name="test_api_root" time="0.129" /><testcase classname="backend.tests.test_api.TestAuth" name="test_login_shop_owner" time="0.329" /><testcase classname="backend.tests.test_api.TestAuth" name="test_login_super_admin" time="0.340" /><testcase classname="backend.tests.test_api.TestAuth" name="test_login_invalid_credentials" time="0.103" /><testcase classname="backend.tests.test_api.TestAuth" name="test_get_me_without_auth" time="0.099" /><testcase classname="backend.tests.test_api.TestPublicEndpoints" name="test_get_products" time="0.119" /><testcase classname="backend.tests.test_api.TestPublicEndpoints" name="test_get_categories" time="0.110" /><testcase classname="backend.tests.test_api.TestStorefront" name="test_get_shop_info" time="0.115" /><testcase classname="backend.tests.test_api.TestStorefront" name="test_get_shop_products" time="0.103" /><testcase classname="backend.tests.test_api.TestStorefront" name="test_get_shop_categories" time="0.109" /><testcase classname="backend.tests.test_api.TestStorefront" name="test_shop_not_found" time="0.115" /><testcase classname="backend.tests.test_api.TestDashboardWithAuth" name="test_get_me_with_auth" time="0.421" /><testcase classname="backend.tests.test_api.TestDashboardWithAuth" name="test_get_dashboard_stats" time="0.429" /><testcase classname="backend.tests.test_api.TestDashboardWithAuth" name="test_get_dashboard_shop" time="0.424" /><testcase classname="backend.tests.test_api.TestDashboardWithAuth" name="test_update_shop_theme_color" time="0.696" /><testcase classname="backend.tests.test_api.TestDashboardWithAuth" name="test_update_shop_custom_domain" time="0.499" /><testcase classname="backend.tests.test_api.TestDashboardWithAuth" name="test_get_dashboard_products" time="0.466" /><testcase classname="backend.tests.test_api.TestDashboardWithAuth" name="test_get_dashboard_categories" time="0.422" /><testcase classname="backend.tests.test_api.TestDashboardWithAuth" name="test_get_dashboard_orders" time="0.421" /><testcase classname="backend.tests.test_api.TestAdminWithAuth" name="test_get_admin_stats" time="0.454" /><testcase classname="backend.tests.test_api.TestAdminWithAuth" name="test_get_admin_shops" time="0.468" /><testcase classname="backend.tests.test_api.TestAdminWithAuth" name="test_get_admin_users" time="0.745" /><testcase classname="backend.tests.test_api.TestOrderCreation" name="test_create_order" time="0.114" /></testsuite></testsuites>