<?xml version="1.0" encoding="utf-8"?><testsuites name="pytest tests"><testsuite name="pytest" errors="0" failures="0" skipped="0" tests="24" time="64.727" timestamp="2026-04-17T11:27:54.253194+00:00" hostname="agent-env-fe57efd2-e459-42d4-b1f7-6290dd4470d5"><testcase classname="backend.tests.test_new_features.TestAuth" name="test_super_admin_login" time="3.310" /><testcase classname="backend.tests.test_new_features.TestAuth" name="test_shop_owner_login" time="0.549" /><testcase classname="backend.tests.test_new_features.TestVoucherCRUD" name="test_get_vouchers" time="1.147" /><testcase classname="backend.tests.test_new_features.TestVoucherCRUD" name="test_create_voucher" time="1.306" /><testcase classname="backend.tests.test_new_features.TestVoucherCRUD" name="test_update_voucher" time="1.829" /><testcase classname="backend.tests.test_new_features.TestVoucherCRUD" name="test_delete_voucher" time="1.838" /><testcase classname="backend.tests.test_new_features.TestVoucherValidation" name="test_validate_voucher_invalid_code" time="4.516" /><testcase classname="backend.tests.test_new_features.TestVoucherValidation" name="test_validate_voucher_empty_code" time="2.244" /><testcase classname="backend.tests.test_new_features.TestAgentSystem" name="test_enable_agents_feature" time="2.534" /><testcase classname="backend.tests.test_new_features.TestAgentSystem" name="test_get_agents_without_feature_enabled" time="4.062" /><testcase classname="backend.tests.test_new_features.TestAgentSystem" name="test_get_agents" time="3.489" /><testcase classname="backend.tests.test_new_features.TestAgentSystem" name="test_create_agent" time="4.319" /><testcase classname="backend.tests.test_new_features.TestAgentSystem" name="test_update_agent" time="5.094" /><testcase classname="backend.tests.test_new_features.TestAgentSystem" name="test_delete_agent" time="4.913" /><testcase classname="backend.tests.test_new_features.TestAgentSystem" name="test_agent_sales_overview" time="3.446" /><testcase classname="backend.tests.test_new_features.TestAgentLogin" name="test_agent_login_and_dashboard" time="6.440" /><testcase classname="backend.tests.test_new_features.TestBusinessCard" name="test_get_business_card" time="1.700" /><testcase classname="backend.tests.test_new_features.TestBusinessCard" name="test_update_business_card" time="1.280" /><testcase classname="backend.tests.test_new_features.TestBusinessCard" name="test_get_public_business_card" time="2.614" /><testcase classname="backend.tests.test_new_features.TestBusinessCard" name="test_get_public_business_card_not_found" time="0.523" /><testcase classname="backend.tests.test_new_features.TestOGMetaTags" name="test_og_shop_page" time="2.176" /><testcase classname="backend.tests.test_new_features.TestOGMetaTags" name="test_og_product_page" time="2.779" /><testcase classname="backend.tests.test_new_features.TestOGMetaTags" name="test_og_card_page" time="2.177" /><testcase classname="backend.tests.test_new_features.TestOGMetaTags" name="test_og_shop_not_found" time="0.336" /></testsuite></testsuites>