<?xml version="1.0" encoding="utf-8"?><testsuites name="pytest tests"><testsuite name="pytest" errors="0" failures="0" skipped="0" tests="15" time="1.808" timestamp="2026-04-18T17:09:08.460191+00:00" hostname="agent-env-fb85956f-f819-460f-bcc9-3a3ab1150110"><testcase classname="backend.tests.test_services_bookings.TestServiceProductCRUD" name="test_create_service_product" time="0.425" /><testcase classname="backend.tests.test_services_bookings.TestServiceProductCRUD" name="test_storefront_services_only" time="0.115" /><testcase classname="backend.tests.test_services_bookings.TestServiceProductCRUD" name="test_storefront_products_only" time="0.105" /><testcase classname="backend.tests.test_services_bookings.TestServiceProductCRUD" name="test_storefront_no_type_filter" time="0.058" /><testcase classname="backend.tests.test_services_bookings.TestBookings" name="test_create_booking_success" time="0.103" /><testcase classname="backend.tests.test_services_bookings.TestBookings" name="test_create_booking_for_product_fails" time="0.055" /><testcase classname="backend.tests.test_services_bookings.TestBookings" name="test_create_booking_invalid_service_id" time="0.052" /><testcase classname="backend.tests.test_services_bookings.TestBookings" name="test_list_bookings_sorted_desc" time="0.053" /><testcase classname="backend.tests.test_services_bookings.TestBookings" name="test_status_transitions" time="0.159" /><testcase classname="backend.tests.test_services_bookings.TestBookings" name="test_invalid_status_rejected" time="0.049" /><testcase classname="backend.tests.test_services_bookings.TestBookings" name="test_delete_booking" time="0.143" /><testcase classname="backend.tests.test_services_bookings.TestBusinessCardTikTok" name="test_get_card_has_tiktok_field" time="0.048" /><testcase classname="backend.tests.test_services_bookings.TestBusinessCardTikTok" name="test_update_card_tiktok_persists" time="0.102" /><testcase classname="backend.tests.test_services_bookings.TestBusinessCardTikTok" name="test_public_card_returns_tiktok" time="0.072" /><testcase classname="backend.tests.test_services_bookings.TestBusinessCardTikTok" name="test_restore_tiktok" time="0.173" /></testsuite></testsuites>