<?xml version="1.0" encoding="utf-8"?><testsuites name="pytest tests"><testsuite name="pytest" errors="0" failures="0" skipped="0" tests="20" time="17.408" timestamp="2026-04-09T08:43:20.375464+00:00" hostname="agent-env-fe57efd2-e459-42d4-b1f7-6290dd4470d5"><testcase classname="tests.test_push_pwa.TestPushNotificationEndpoints" name="test_vapid_key_endpoint" time="0.127" /><testcase classname="tests.test_push_pwa.TestPushNotificationEndpoints" name="test_notification_status_initially_disabled" time="1.240" /><testcase classname="tests.test_push_pwa.TestPushNotificationEndpoints" name="test_notification_subscribe" time="1.878" /><testcase classname="tests.test_push_pwa.TestPushNotificationEndpoints" name="test_notification_unsubscribe" time="1.867" /><testcase classname="tests.test_push_pwa.TestPushNotificationEndpoints" name="test_notification_subscribe_invalid_payload" time="0.834" /><testcase classname="tests.test_push_pwa.TestOrderCreationWithPush" name="test_create_order_triggers_push" time="1.552" /><testcase classname="tests.test_push_pwa.TestSuperAdminChangePassword" name="test_change_password_success" time="3.277" /><testcase classname="tests.test_push_pwa.TestSuperAdminChangePassword" name="test_change_password_wrong_current" time="1.247" /><testcase classname="tests.test_push_pwa.TestImageUploadCompression" name="test_upload_image_compression" time="1.212" /><testcase classname="tests.test_push_pwa.TestPWAAssets" name="test_manifest_json" time="0.097" /><testcase classname="tests.test_push_pwa.TestPWAAssets" name="test_service_worker" time="0.106" /><testcase classname="tests.test_push_pwa.TestPWAAssets" name="test_pwa_icons" time="0.209" /><testcase classname="tests.test_push_pwa.TestLoginFlowStillWorks" name="test_super_admin_login" time="0.519" /><testcase classname="tests.test_push_pwa.TestLoginFlowStillWorks" name="test_shop_owner_1_login" time="0.525" /><testcase classname="tests.test_push_pwa.TestLoginFlowStillWorks" name="test_shop_owner_2_login" time="0.517" /><testcase classname="tests.test_push_pwa.TestLoginFlowStillWorks" name="test_shop_owner_3_login" time="0.521" /><testcase classname="tests.test_push_pwa.TestStorefrontPublicPages" name="test_shop_the_elite_shop" time="0.304" /><testcase classname="tests.test_push_pwa.TestStorefrontPublicPages" name="test_shop_green_living" time="0.312" /><testcase classname="tests.test_push_pwa.TestStorefrontPublicPages" name="test_shop_cho_xanh_365" time="0.298" /><testcase classname="tests.test_push_pwa.TestStorefrontPublicPages" name="test_shop_products" time="0.692" /></testsuite></testsuites>