<?xml version="1.0" encoding="utf-8"?><testsuites name="pytest tests"><testsuite name="pytest" errors="0" failures="0" skipped="0" tests="12" time="12.762" timestamp="2026-04-17T14:49:34.635792+00:00" hostname="agent-env-fb85956f-f819-460f-bcc9-3a3ab1150110"><testcase classname="backend.tests.test_security.TestSecurityHeaders" name="test_security_headers_on_root" time="0.174" /><testcase classname="backend.tests.test_security.TestSecurityHeaders" name="test_security_headers_on_auth_endpoint" time="0.626" /><testcase classname="backend.tests.test_security.TestSecurityStatusEndpoint" name="test_security_status_returns_features" time="0.104" /><testcase classname="backend.tests.test_security.TestBruteForceProtection" name="test_brute_force_lockout_after_5_attempts" time="2.830" /><testcase classname="backend.tests.test_security.TestNormalLoginStillWorks" name="test_shop_owner_login" time="0.551" /><testcase classname="backend.tests.test_security.TestNormalLoginStillWorks" name="test_super_admin_login" time="0.545" /><testcase classname="backend.tests.test_security.TestContentWordLimit" name="test_product_create_exceeds_word_limit" time="2.903" /><testcase classname="backend.tests.test_security.TestContentWordLimit" name="test_product_create_within_word_limit" time="1.494" /><testcase classname="backend.tests.test_security.TestContentWordLimit" name="test_post_create_exceeds_word_limit" time="0.333" /><testcase classname="backend.tests.test_security.TestContentWordLimit" name="test_post_create_within_word_limit" time="1.472" /><testcase classname="backend.tests.test_security.TestXSSSanitization" name="test_product_description_xss_sanitized" time="1.528" /><testcase classname="backend.tests.test_security.TestRateLimiting" name="test_auth_rate_limit_info" time="0.138" /></testsuite></testsuites>