<?xml version="1.0" encoding="utf-8"?><testsuites name="pytest tests"><testsuite name="pytest" errors="0" failures="0" skipped="0" tests="20" time="17.494" timestamp="2026-04-19T09:52:12.004670+00:00" hostname="agent-env-fb85956f-f819-460f-bcc9-3a3ab1150110"><testcase classname="backend.tests.test_2fa.TestTwoFASetup" name="test_setup_forbidden_for_shop_owner" time="0.534" /><testcase classname="backend.tests.test_2fa.TestTwoFASetup" name="test_setup_returns_secret_and_uri" time="0.379" /><testcase classname="backend.tests.test_2fa.TestTwoFASetup" name="test_verify_setup_rejects_bad_code" time="0.045" /><testcase classname="backend.tests.test_2fa.TestTwoFASetup" name="test_verify_setup_activates_and_returns_backup_codes" time="1.818" /><testcase classname="backend.tests.test_2fa.TestTwoFASetup" name="test_status_after_enable" time="0.041" /><testcase classname="backend.tests.test_2fa.TestTwoFALogin" name="test_login_returns_requires_2fa" time="0.352" /><testcase classname="backend.tests.test_2fa.TestTwoFALogin" name="test_verify_with_bad_totp_fails" time="1.903" /><testcase classname="backend.tests.test_2fa.TestTwoFALogin" name="test_verify_with_valid_totp_issues_token" time="0.126" /><testcase classname="backend.tests.test_2fa.TestTwoFALogin" name="test_verify_with_backup_code_consumes_once" time="2.707" /><testcase classname="backend.tests.test_2fa.TestTwoFALogin" name="test_verify_expired_pending_token" time="0.144" /><testcase classname="backend.tests.test_2fa.TestTwoFALogin" name="test_status_after_backup_used" time="0.040" /><testcase classname="backend.tests.test_2fa.TestTwoFARegenerate" name="test_regenerate_rejects_bad_code" time="0.043" /><testcase classname="backend.tests.test_2fa.TestTwoFARegenerate" name="test_regenerate_with_valid_totp" time="5.044" /><testcase classname="backend.tests.test_2fa.TestTwoFARecovery" name="test_recover_start_unknown_email_returns_success" time="0.140" /><testcase classname="backend.tests.test_2fa.TestTwoFARecovery" name="test_recover_start_admin_email_returns_success" time="0.366" /><testcase classname="backend.tests.test_2fa.TestTwoFARecovery" name="test_recover_complete_invalid_token" time="0.113" /><testcase classname="backend.tests.test_2fa.TestTwoFADisable" name="test_disable_rejects_bad_code" time="1.814" /><testcase classname="backend.tests.test_2fa.TestTwoFADisable" name="test_disable_with_totp_succeeds" time="1.043" /><testcase classname="backend.tests.test_2fa.TestTwoFADisable" name="test_login_no_longer_requires_2fa" time="0.336" /><testcase classname="backend.tests.test_2fa.TestTwoFADisable" name="test_status_after_disable" time="0.410" /></testsuite></testsuites>