<?xml version="1.0" encoding="utf-8"?><testsuites name="pytest tests"><testsuite name="pytest" errors="0" failures="0" skipped="0" tests="7" time="1.596" timestamp="2026-04-20T05:43:58.998713+00:00" hostname="agent-env-fb85956f-f819-460f-bcc9-3a3ab1150110"><testcase classname="backend.tests.test_product_stock_toggles.TestStockRemoval" name="test_create_has_no_stock_field" time="0.405" /><testcase classname="backend.tests.test_product_stock_toggles.TestStockRemoval" name="test_create_with_toggles" time="0.091" /><testcase classname="backend.tests.test_product_stock_toggles.TestStockRemoval" name="test_update_strips_stock_field" time="0.090" /><testcase classname="backend.tests.test_product_stock_toggles.TestPublicVisibility" name="test_public_list_hides_hidden_and_keeps_oos" time="0.207" /><testcase classname="backend.tests.test_product_stock_toggles.TestPublicVisibility" name="test_dashboard_owner_sees_hidden" time="0.045" /><testcase classname="backend.tests.test_product_stock_toggles.TestPublicVisibility" name="test_public_category_filter_hides_hidden" time="0.339" /><testcase classname="backend.tests.test_product_stock_toggles" name="test_zz_cleanup" time="0.346" /></testsuite></testsuites>