<?xml version="1.0" encoding="utf-8"?><testsuites name="pytest tests"><testsuite name="pytest" errors="0" failures="0" skipped="0" tests="21" time="5.999" timestamp="2026-04-05T02:51:05.015772+00:00" hostname="agent-env-fe57efd2-e459-42d4-b1f7-6290dd4470d5"><testcase classname="backend.tests.test_api.TestHealthCheck" name="test_api_root" time="0.133" /><testcase classname="backend.tests.test_api.TestAuth" name="test_login_shop_owner" time="0.358" /><testcase classname="backend.tests.test_api.TestAuth" name="test_login_super_admin" time="0.358" /><testcase classname="backend.tests.test_api.TestAuth" name="test_login_invalid_credentials" time="0.115" /><testcase classname="backend.tests.test_api.TestAuth" name="test_get_me_without_auth" time="0.139" /><testcase classname="backend.tests.test_api.TestPublicEndpoints" name="test_get_products" time="0.122" /><testcase classname="backend.tests.test_api.TestPublicEndpoints" name="test_get_categories" time="0.115" /><testcase classname="backend.tests.test_api.TestStorefront" name="test_get_shop_info" time="0.103" /><testcase classname="backend.tests.test_api.TestStorefront" name="test_get_shop_products" time="0.156" /><testcase classname="backend.tests.test_api.TestStorefront" name="test_get_shop_categories" time="0.105" /><testcase classname="backend.tests.test_api.TestStorefront" name="test_shop_not_found" time="0.108" /><testcase classname="backend.tests.test_api.TestDashboardWithAuth" name="test_get_me_with_auth" time="0.489" /><testcase classname="backend.tests.test_api.TestDashboardWithAuth" name="test_get_dashboard_stats" time="0.418" /><testcase classname="backend.tests.test_api.TestDashboardWithAuth" name="test_get_dashboard_shop" time="0.473" /><testcase classname="backend.tests.test_api.TestDashboardWithAuth" name="test_get_dashboard_products" time="0.416" /><testcase classname="backend.tests.test_api.TestDashboardWithAuth" name="test_get_dashboard_categories" time="0.428" /><testcase classname="backend.tests.test_api.TestDashboardWithAuth" name="test_get_dashboard_orders" time="0.414" /><testcase classname="backend.tests.test_api.TestAdminWithAuth" name="test_get_admin_stats" time="0.423" /><testcase classname="backend.tests.test_api.TestAdminWithAuth" name="test_get_admin_shops" time="0.434" /><testcase classname="backend.tests.test_api.TestAdminWithAuth" name="test_get_admin_users" time="0.457" /><testcase classname="backend.tests.test_api.TestOrderCreation" name="test_create_order" time="0.110" /></testsuite></testsuites>