<?xml version="1.0" encoding="utf-8"?><testsuites name="pytest tests"><testsuite name="pytest" errors="0" failures="1" skipped="0" tests="15" time="24.292" timestamp="2026-04-17T15:10:48.310885+00:00" hostname="agent-env-fb85956f-f819-460f-bcc9-3a3ab1150110"><testcase classname="backend.tests.test_new_features.TestSecurityDashboard" name="test_security_dashboard_returns_200" time="3.570" /><testcase classname="backend.tests.test_new_features.TestSecurityDashboard" name="test_security_dashboard_has_rate_limiter_stats" time="0.827" /><testcase classname="backend.tests.test_new_features.TestSecurityDashboard" name="test_security_dashboard_has_brute_force_stats" time="0.823" /><testcase classname="backend.tests.test_new_features.TestSecurityDashboard" name="test_security_dashboard_has_security_config" time="0.927" /><testcase classname="backend.tests.test_new_features.TestSecurityDashboard" name="test_security_dashboard_requires_auth" time="0.672" /><testcase classname="backend.tests.test_new_features.TestSecurityDashboard" name="test_security_dashboard_requires_super_admin" time="1.360" /><testcase classname="backend.tests.test_new_features.TestPublicShopAPIExpiryDate" name="test_public_shop_api_includes_expiry_date" time="0.331" /><testcase classname="backend.tests.test_new_features.TestPublicShopAPIExpiryDate" name="test_public_shop_api_returns_all_expected_fields" time="0.320" /><testcase classname="backend.tests.test_new_features.TestShopExpiryUpdate" name="test_set_expiry_date" time="2.170" /><testcase classname="backend.tests.test_new_features.TestShopExpiryUpdate" name="test_set_shop_limits" time="11.085" /><testcase classname="backend.tests.test_new_features.TestLoginStillWorks" name="test_super_admin_login" time="0.567" /><testcase classname="backend.tests.test_new_features.TestLoginStillWorks" name="test_shop_owner_login" time="0.125"><failure message="AssertionError: Shop owner login failed: {&quot;detail&quot;:&quot;Quá nhiều yêu cầu. Vui lòng thử lại sau.&quot;}&#10;assert 429 == 200&#10; +  where 429 = &lt;Response [429]&gt;.status_code">backend/tests/test_new_features.py:277: in test_shop_owner_login
    assert response.status_code == 200, f"Shop owner login failed: {response.text}"
E   AssertionError: Shop owner login failed: {"detail":"Quá nhiều yêu cầu. Vui lòng thử lại sau."}
E   assert 429 == 200
E    +  where 429 = &lt;Response [429]&gt;.status_code</failure></testcase><testcase classname="backend.tests.test_new_features.TestStorefrontLoads" name="test_storefront_api_returns_shop_data" time="0.355" /><testcase classname="backend.tests.test_new_features.TestStorefrontLoads" name="test_storefront_products_api" time="0.525" /><testcase classname="backend.tests.test_new_features.TestStorefrontLoads" name="test_storefront_categories_api" time="0.529" /></testsuite></testsuites>